
Collecting usage statistics. To deactivate, set browser.gatherUsageStats to false.

2025-09-08 19:02:14.220 Port 8502 is already in use

Collecting usage statistics. To deactivate, set browser.gatherUsageStats to false.


  You can now view your Streamlit app in your browser.

  URL: http://0.0.0.0:8501

  Stopping...

Collecting usage statistics. To deactivate, set browser.gatherUsageStats to false.


  You can now view your Streamlit app in your browser.

  URL: http://0.0.0.0:8501

  Stopping...

Collecting usage statistics. To deactivate, set browser.gatherUsageStats to false.


  You can now view your Streamlit app in your browser.

  URL: http://0.0.0.0:8501


Collecting usage statistics. To deactivate, set browser.gatherUsageStats to false.


Collecting usage statistics. To deactivate, set browser.gatherUsageStats to false.


Collecting usage statistics. To deactivate, set browser.gatherUsageStats to false.

  Stopping...

Collecting usage statistics. To deactivate, set browser.gatherUsageStats to false.


  You can now view your Streamlit app in your browser.

  URL: http://0.0.0.0:8501


Collecting usage statistics. To deactivate, set browser.gatherUsageStats to false.


Collecting usage statistics. To deactivate, set browser.gatherUsageStats to false.


Collecting usage statistics. To deactivate, set browser.gatherUsageStats to false.

  Stopping...

Collecting usage statistics. To deactivate, set browser.gatherUsageStats to false.


  You can now view your Streamlit app in your browser.

  URL: http://0.0.0.0:8501


Collecting usage statistics. To deactivate, set browser.gatherUsageStats to false.


Collecting usage statistics. To deactivate, set browser.gatherUsageStats to false.


Collecting usage statistics. To deactivate, set browser.gatherUsageStats to false.


Collecting usage statistics. To deactivate, set browser.gatherUsageStats to false.

