2025-09-08 15:33:16,611 INFO RPC interface 'supervisor' initialized
2025-09-08 15:33:16,611 CRIT Server 'unix_http_server' running without any HTTP authentication checking
2025-09-08 15:33:16,613 INFO daemonizing the supervisord process
2025-09-08 15:33:16,614 INFO supervisord started with pid 162377
2025-09-08 15:33:17,618 INFO spawned: 'streamlit' with pid 162379
2025-09-08 15:33:18,422 WARN exited: streamlit (exit status 1; not expected)
2025-09-08 15:33:19,425 INFO spawned: 'streamlit' with pid 162384
2025-09-08 15:33:20,253 WARN exited: streamlit (exit status 1; not expected)
2025-09-08 15:33:22,258 INFO spawned: 'streamlit' with pid 162388
2025-09-08 15:33:24,043 INFO success: streamlit entered RUNNING state, process has stayed up for > than 1 seconds (startsecs)
2025-09-08 15:33:24,044 WARN exited: streamlit (exit status 1; not expected)
2025-09-08 15:33:25,047 INFO spawned: 'streamlit' with pid 162441
2025-09-08 15:33:25,849 WARN exited: streamlit (exit status 1; not expected)
2025-09-08 15:33:26,852 INFO spawned: 'streamlit' with pid 162443
2025-09-08 15:33:27,724 WARN exited: streamlit (exit status 1; not expected)
2025-09-08 15:33:29,729 INFO spawned: 'streamlit' with pid 162475
2025-09-08 15:33:30,546 WARN exited: streamlit (exit status 1; not expected)
2025-09-08 15:33:33,774 INFO spawned: 'streamlit' with pid 162495
2025-09-08 15:33:34,638 WARN exited: streamlit (exit status 1; not expected)
2025-09-08 15:33:35,640 INFO gave up: streamlit entered FATAL state, too many start retries too quickly
2025-09-08 15:33:38,644 WARN received SIGTERM indicating exit request
2025-09-08 15:33:54,455 INFO RPC interface 'supervisor' initialized
2025-09-08 15:33:54,455 CRIT Server 'unix_http_server' running without any HTTP authentication checking
2025-09-08 15:33:54,457 INFO daemonizing the supervisord process
2025-09-08 15:33:54,458 INFO supervisord started with pid 162680
2025-09-08 15:33:55,462 INFO spawned: 'streamlit' with pid 162682
2025-09-08 15:33:57,282 INFO success: streamlit entered RUNNING state, process has stayed up for > than 1 seconds (startsecs)
2025-09-08 15:43:32,367 INFO waiting for streamlit to stop
2025-09-08 15:43:32,777 INFO stopped: streamlit (exit status 0)
2025-09-08 15:43:32,782 INFO spawned: 'streamlit' with pid 163802
2025-09-08 15:43:34,614 INFO success: streamlit entered RUNNING state, process has stayed up for > than 1 seconds (startsecs)
2025-09-08 15:45:55,868 INFO waiting for streamlit to stop
2025-09-08 15:45:56,191 INFO stopped: streamlit (exit status 0)
2025-09-08 15:45:56,196 INFO spawned: 'streamlit' with pid 164262
2025-09-08 15:45:57,876 INFO success: streamlit entered RUNNING state, process has stayed up for > than 1 seconds (startsecs)
2025-09-08 15:52:21,392 INFO waiting for streamlit to stop
2025-09-08 15:52:21,789 INFO stopped: streamlit (exit status 0)
2025-09-08 15:52:21,795 INFO spawned: 'streamlit' with pid 164962
2025-09-08 15:52:23,557 INFO success: streamlit entered RUNNING state, process has stayed up for > than 1 seconds (startsecs)
