2025-09-11 04:30:26,294 INFO RPC interface 'supervisor' initialized
2025-09-11 04:30:26,294 CRIT Server 'unix_http_server' running without any HTTP authentication checking
2025-09-11 04:30:26,296 INFO daemonizing the supervisord process
2025-09-11 04:30:26,297 INFO supervisord started with pid 46000
2025-09-11 04:30:27,301 INFO spawned: 'streamlit' with pid 46003
2025-09-11 04:30:27,967 WARN exited: streamlit (exit status 1; not expected)
2025-09-11 04:30:29,454 INFO spawned: 'streamlit' with pid 46006
2025-09-11 04:30:31,165 INFO success: streamlit entered RUNNING state, process has stayed up for > than 1 seconds (startsecs)
2025-09-11 04:30:31,165 WARN exited: streamlit (exit status 1; not expected)
2025-09-11 04:30:31,264 INFO spawned: 'streamlit' with pid 46050
2025-09-11 04:30:32,011 WARN exited: streamlit (exit status 1; not expected)
2025-09-11 04:30:33,016 INFO spawned: 'streamlit' with pid 46063
2025-09-11 04:30:33,753 WARN exited: streamlit (exit status 1; not expected)
2025-09-11 04:30:35,758 INFO spawned: 'streamlit' with pid 46067
2025-09-11 04:30:36,478 WARN exited: streamlit (exit status 1; not expected)
2025-09-11 04:30:39,484 INFO spawned: 'streamlit' with pid 46072
2025-09-11 04:30:40,245 WARN exited: streamlit (exit status 1; not expected)
2025-09-11 04:30:41,246 INFO gave up: streamlit entered FATAL state, too many start retries too quickly
2025-09-11 04:33:06,519 INFO spawned: 'streamlit' with pid 46355
2025-09-11 04:33:07,448 WARN exited: streamlit (exit status 1; not expected)
2025-09-11 04:33:08,454 INFO spawned: 'streamlit' with pid 46358
2025-09-11 04:33:10,429 INFO success: streamlit entered RUNNING state, process has stayed up for > than 1 seconds (startsecs)
2025-09-11 04:33:10,430 WARN exited: streamlit (exit status 1; not expected)
2025-09-11 04:33:11,433 INFO spawned: 'streamlit' with pid 46407
2025-09-11 04:33:12,336 WARN exited: streamlit (exit status 1; not expected)
2025-09-11 04:33:13,339 INFO spawned: 'streamlit' with pid 46416
2025-09-11 04:33:15,222 INFO success: streamlit entered RUNNING state, process has stayed up for > than 1 seconds (startsecs)
2025-09-11 04:33:15,223 WARN exited: streamlit (exit status 1; not expected)
2025-09-11 04:33:15,504 INFO spawned: 'streamlit' with pid 46464
2025-09-11 04:33:16,523 INFO success: streamlit entered RUNNING state, process has stayed up for > than 1 seconds (startsecs)
2025-09-11 04:33:16,703 WARN exited: streamlit (exit status 1; not expected)
2025-09-11 04:33:17,708 INFO spawned: 'streamlit' with pid 46473
2025-09-11 04:33:19,613 INFO success: streamlit entered RUNNING state, process has stayed up for > than 1 seconds (startsecs)
2025-09-11 04:33:19,613 WARN exited: streamlit (exit status 1; not expected)
2025-09-11 04:33:20,239 INFO spawned: 'streamlit' with pid 46527
2025-09-11 04:33:21,160 WARN exited: streamlit (exit status 1; not expected)
2025-09-11 04:33:22,164 INFO spawned: 'streamlit' with pid 46530
2025-09-11 04:33:24,135 INFO success: streamlit entered RUNNING state, process has stayed up for > than 1 seconds (startsecs)
2025-09-11 04:33:24,136 WARN exited: streamlit (exit status 1; not expected)
2025-09-11 04:33:25,139 INFO spawned: 'streamlit' with pid 46585
2025-09-11 04:33:26,003 WARN exited: streamlit (exit status 1; not expected)
2025-09-11 04:33:27,006 INFO spawned: 'streamlit' with pid 46588
2025-09-11 04:33:27,832 WARN exited: streamlit (exit status 1; not expected)
2025-09-11 04:33:30,195 INFO spawned: 'streamlit' with pid 46592
2025-09-11 04:33:31,033 WARN exited: streamlit (exit status 1; not expected)
2025-09-11 04:33:34,039 INFO spawned: 'streamlit' with pid 46621
2025-09-11 04:33:36,018 INFO success: streamlit entered RUNNING state, process has stayed up for > than 1 seconds (startsecs)
2025-09-11 04:33:36,018 WARN exited: streamlit (exit status 1; not expected)
2025-09-11 04:33:37,022 INFO spawned: 'streamlit' with pid 46661
2025-09-11 04:33:37,841 WARN exited: streamlit (exit status 1; not expected)
2025-09-11 04:33:38,844 INFO spawned: 'streamlit' with pid 46664
2025-09-11 04:33:39,654 WARN exited: streamlit (exit status 1; not expected)
2025-09-11 04:33:41,659 INFO spawned: 'streamlit' with pid 46668
2025-09-11 04:33:42,469 WARN exited: streamlit (exit status 1; not expected)
2025-09-11 04:33:45,477 INFO spawned: 'streamlit' with pid 46673
2025-09-11 04:33:46,323 WARN exited: streamlit (exit status 1; not expected)
2025-09-11 04:33:47,325 INFO gave up: streamlit entered FATAL state, too many start retries too quickly
2025-09-11 04:33:55,586 INFO RPC interface 'supervisor' initialized
2025-09-11 04:33:55,586 CRIT Server 'unix_http_server' running without any HTTP authentication checking
2025-09-11 04:33:55,588 INFO daemonizing the supervisord process
2025-09-11 04:33:55,590 INFO supervisord started with pid 46755
2025-09-11 04:33:56,594 INFO spawned: 'streamlit' with pid 46757
2025-09-11 04:33:57,425 WARN exited: streamlit (exit status 1; not expected)
2025-09-11 04:33:59,320 INFO spawned: 'streamlit' with pid 46763
2025-09-11 04:34:00,178 WARN exited: streamlit (exit status 1; not expected)
2025-09-11 04:34:02,183 INFO spawned: 'streamlit' with pid 46797
2025-09-11 04:34:03,064 WARN exited: streamlit (exit status 1; not expected)
2025-09-11 04:34:06,071 INFO spawned: 'streamlit' with pid 46826
2025-09-11 04:34:07,174 INFO success: streamlit entered RUNNING state, process has stayed up for > than 1 seconds (startsecs)
2025-09-11 04:34:07,174 WARN exited: streamlit (exit status 1; not expected)
2025-09-11 04:34:08,178 INFO spawned: 'streamlit' with pid 46833
2025-09-11 04:34:09,186 INFO success: streamlit entered RUNNING state, process has stayed up for > than 1 seconds (startsecs)
2025-09-11 04:34:10,446 WARN exited: streamlit (exit status 1; not expected)
2025-09-11 04:34:11,450 INFO spawned: 'streamlit' with pid 46882
2025-09-11 04:34:12,397 WARN exited: streamlit (exit status 1; not expected)
2025-09-11 04:34:13,401 INFO spawned: 'streamlit' with pid 46891
2025-09-11 04:34:14,520 INFO success: streamlit entered RUNNING state, process has stayed up for > than 1 seconds (startsecs)
2025-09-11 04:34:14,520 WARN exited: streamlit (exit status 1; not expected)
2025-09-11 04:34:15,523 INFO spawned: 'streamlit' with pid 46894
2025-09-11 04:34:16,353 WARN exited: streamlit (exit status 1; not expected)
2025-09-11 04:34:17,357 INFO spawned: 'streamlit' with pid 46899
2025-09-11 04:34:19,195 INFO success: streamlit entered RUNNING state, process has stayed up for > than 1 seconds (startsecs)
2025-09-11 04:34:19,195 WARN exited: streamlit (exit status 1; not expected)
2025-09-11 04:34:20,198 INFO spawned: 'streamlit' with pid 46978
2025-09-11 04:34:22,037 INFO success: streamlit entered RUNNING state, process has stayed up for > than 1 seconds (startsecs)
2025-09-11 04:34:22,037 WARN exited: streamlit (exit status 1; not expected)
2025-09-11 04:34:23,040 INFO spawned: 'streamlit' with pid 47004
2025-09-11 04:34:23,852 WARN exited: streamlit (exit status 1; not expected)
2025-09-11 04:34:24,856 INFO spawned: 'streamlit' with pid 47013
2025-09-11 04:34:25,644 WARN exited: streamlit (exit status 1; not expected)
2025-09-11 04:34:27,663 INFO spawned: 'streamlit' with pid 47019
2025-09-11 04:34:28,529 WARN exited: streamlit (exit status 1; not expected)
2025-09-11 04:34:31,535 INFO spawned: 'streamlit' with pid 47077
2025-09-11 04:34:33,398 INFO success: streamlit entered RUNNING state, process has stayed up for > than 1 seconds (startsecs)
2025-09-11 04:34:33,398 WARN exited: streamlit (exit status 1; not expected)
2025-09-11 04:34:34,401 INFO spawned: 'streamlit' with pid 47122
2025-09-11 04:34:35,233 WARN exited: streamlit (exit status 1; not expected)
2025-09-11 04:34:36,237 INFO spawned: 'streamlit' with pid 47126
2025-09-11 04:34:37,061 WARN exited: streamlit (exit status 1; not expected)
2025-09-11 04:34:39,067 INFO spawned: 'streamlit' with pid 47133
2025-09-11 04:34:39,947 WARN exited: streamlit (exit status 1; not expected)
2025-09-11 04:34:40,709 INFO spawned: 'streamlit' with pid 47138
2025-09-11 04:34:41,538 WARN exited: streamlit (exit status 1; not expected)
2025-09-11 04:34:41,539 INFO gave up: streamlit entered FATAL state, too many start retries too quickly
2025-09-11 04:34:44,401 INFO spawned: 'streamlit' with pid 47145
2025-09-11 04:34:45,223 WARN exited: streamlit (exit status 1; not expected)
2025-09-11 04:34:46,229 INFO spawned: 'streamlit' with pid 47148
2025-09-11 04:34:47,058 WARN exited: streamlit (exit status 1; not expected)
2025-09-11 04:34:49,063 INFO spawned: 'streamlit' with pid 47154
2025-09-11 04:34:49,914 WARN exited: streamlit (exit status 1; not expected)
2025-09-11 04:34:53,456 INFO spawned: 'streamlit' with pid 47162
2025-09-11 04:34:54,324 WARN exited: streamlit (exit status 1; not expected)
2025-09-11 04:34:55,326 INFO gave up: streamlit entered FATAL state, too many start retries too quickly
2025-09-11 08:14:28,764 INFO spawned: 'streamlit' with pid 78546
2025-09-11 08:14:29,730 WARN exited: streamlit (exit status 1; not expected)
2025-09-11 08:14:30,737 INFO spawned: 'streamlit' with pid 78552
2025-09-11 08:14:31,670 WARN exited: streamlit (exit status 1; not expected)
2025-09-11 08:14:33,675 INFO spawned: 'streamlit' with pid 78559
2025-09-11 08:14:34,594 WARN exited: streamlit (exit status 1; not expected)
2025-09-11 08:14:37,602 INFO spawned: 'streamlit' with pid 78569
2025-09-11 08:14:38,554 WARN exited: streamlit (exit status 1; not expected)
2025-09-11 08:14:39,556 INFO gave up: streamlit entered FATAL state, too many start retries too quickly
2025-09-11 12:00:51,083 INFO spawned: 'streamlit' with pid 107610
2025-09-11 12:00:52,145 INFO success: streamlit entered RUNNING state, process has stayed up for > than 1 seconds (startsecs)
2025-09-11 12:00:52,147 WARN exited: streamlit (exit status 1; not expected)
2025-09-11 12:00:52,156 INFO spawned: 'streamlit' with pid 107616
2025-09-11 12:00:52,993 WARN exited: streamlit (exit status 1; not expected)
2025-09-11 12:00:53,997 INFO spawned: 'streamlit' with pid 107622
2025-09-11 12:00:54,805 WARN exited: streamlit (exit status 1; not expected)
2025-09-11 12:00:56,810 INFO spawned: 'streamlit' with pid 107629
2025-09-11 12:00:57,577 WARN exited: streamlit (exit status 1; not expected)
2025-09-11 12:01:00,582 INFO spawned: 'streamlit' with pid 107639
2025-09-11 12:01:01,407 WARN exited: streamlit (exit status 1; not expected)
2025-09-11 12:01:02,409 INFO gave up: streamlit entered FATAL state, too many start retries too quickly
2025-09-11 12:05:53,517 INFO spawned: 'streamlit' with pid 108353
2025-09-11 12:05:54,573 INFO success: streamlit entered RUNNING state, process has stayed up for > than 1 seconds (startsecs)
2025-09-11 12:05:54,573 WARN exited: streamlit (exit status 1; not expected)
2025-09-11 12:05:54,577 INFO spawned: 'streamlit' with pid 108358
2025-09-11 12:05:55,443 WARN exited: streamlit (exit status 1; not expected)
2025-09-11 12:05:56,447 INFO spawned: 'streamlit' with pid 108364
2025-09-11 12:05:57,295 WARN exited: streamlit (exit status 1; not expected)
2025-09-11 12:05:59,847 INFO spawned: 'streamlit' with pid 108373
2025-09-11 12:06:00,715 WARN exited: streamlit (exit status 1; not expected)
2025-09-11 12:06:03,722 INFO spawned: 'streamlit' with pid 108381
2025-09-11 12:06:04,589 WARN exited: streamlit (exit status 1; not expected)
2025-09-11 12:06:05,590 INFO gave up: streamlit entered FATAL state, too many start retries too quickly
2025-09-11 12:38:20,857 INFO spawned: 'streamlit' with pid 111827
2025-09-11 12:38:21,864 INFO success: streamlit entered RUNNING state, process has stayed up for > than 1 seconds (startsecs)
2025-09-11 12:38:22,040 WARN exited: streamlit (exit status 1; not expected)
2025-09-11 12:38:23,044 INFO spawned: 'streamlit' with pid 111834
2025-09-11 12:38:23,932 WARN exited: streamlit (exit status 1; not expected)
2025-09-11 12:38:24,935 INFO spawned: 'streamlit' with pid 111839
2025-09-11 12:38:25,793 WARN exited: streamlit (exit status 1; not expected)
2025-09-11 12:38:27,797 INFO spawned: 'streamlit' with pid 111896
2025-09-11 12:38:28,799 INFO success: streamlit entered RUNNING state, process has stayed up for > than 1 seconds (startsecs)
2025-09-11 12:38:30,131 WARN exited: streamlit (exit status 1; not expected)
2025-09-11 12:38:31,135 INFO spawned: 'streamlit' with pid 111949
2025-09-11 12:38:32,988 INFO success: streamlit entered RUNNING state, process has stayed up for > than 1 seconds (startsecs)
2025-09-11 12:38:32,989 WARN exited: streamlit (exit status 1; not expected)
2025-09-11 12:38:33,992 INFO spawned: 'streamlit' with pid 111957
2025-09-11 12:38:34,861 WARN exited: streamlit (exit status 1; not expected)
2025-09-11 12:38:35,865 INFO spawned: 'streamlit' with pid 111963
2025-09-11 12:38:36,721 WARN exited: streamlit (exit status 1; not expected)
2025-09-11 12:38:38,725 INFO spawned: 'streamlit' with pid 111970
2025-09-11 12:38:39,656 WARN exited: streamlit (exit status 1; not expected)
2025-09-11 12:38:42,662 INFO spawned: 'streamlit' with pid 111979
2025-09-11 12:38:44,616 INFO success: streamlit entered RUNNING state, process has stayed up for > than 1 seconds (startsecs)
2025-09-11 12:38:44,616 WARN exited: streamlit (exit status 1; not expected)
2025-09-11 12:38:45,620 INFO spawned: 'streamlit' with pid 112074
2025-09-11 12:38:46,430 WARN exited: streamlit (exit status 1; not expected)
2025-09-11 12:38:47,434 INFO spawned: 'streamlit' with pid 112083
2025-09-11 12:38:48,264 WARN exited: streamlit (exit status 1; not expected)
2025-09-11 12:38:50,269 INFO spawned: 'streamlit' with pid 112109
2025-09-11 12:38:52,113 INFO success: streamlit entered RUNNING state, process has stayed up for > than 1 seconds (startsecs)
2025-09-11 12:38:52,113 WARN exited: streamlit (exit status 1; not expected)
2025-09-11 12:38:53,116 INFO spawned: 'streamlit' with pid 112151
2025-09-11 12:38:53,987 WARN exited: streamlit (exit status 1; not expected)
2025-09-11 12:38:54,991 INFO spawned: 'streamlit' with pid 112157
2025-09-11 12:38:55,835 WARN exited: streamlit (exit status 1; not expected)
2025-09-11 12:38:57,840 INFO spawned: 'streamlit' with pid 112164
2025-09-11 12:38:58,688 WARN exited: streamlit (exit status 1; not expected)
2025-09-11 12:39:01,693 INFO spawned: 'streamlit' with pid 112255
2025-09-11 12:39:02,541 WARN exited: streamlit (exit status 1; not expected)
2025-09-11 12:39:03,542 INFO gave up: streamlit entered FATAL state, too many start retries too quickly
2025-09-11 12:40:32,704 INFO spawned: 'streamlit' with pid 112511
2025-09-11 12:40:33,589 WARN exited: streamlit (exit status 1; not expected)
2025-09-11 12:40:34,595 INFO spawned: 'streamlit' with pid 112520
2025-09-11 12:40:35,491 WARN exited: streamlit (exit status 1; not expected)
2025-09-11 12:40:37,862 INFO spawned: 'streamlit' with pid 112529
2025-09-11 12:40:38,654 WARN exited: streamlit (exit status 1; not expected)
2025-09-11 12:40:41,661 INFO spawned: 'streamlit' with pid 112539
2025-09-11 12:40:42,509 WARN exited: streamlit (exit status 1; not expected)
2025-09-11 12:40:43,510 INFO gave up: streamlit entered FATAL state, too many start retries too quickly
2025-09-11 12:41:14,555 WARN received SIGTERM indicating exit request
2025-09-11 12:41:21,228 INFO RPC interface 'supervisor' initialized
2025-09-11 12:41:21,229 CRIT Server 'unix_http_server' running without any HTTP authentication checking
2025-09-11 12:41:21,231 INFO daemonizing the supervisord process
2025-09-11 12:41:21,232 INFO supervisord started with pid 112680
2025-09-11 12:41:22,236 INFO spawned: 'streamlit' with pid 112683
2025-09-11 12:41:23,390 INFO success: streamlit entered RUNNING state, process has stayed up for > than 1 seconds (startsecs)
2025-09-11 12:44:39,336 INFO waiting for streamlit to stop
2025-09-11 12:44:39,506 INFO stopped: streamlit (exit status 0)
2025-09-11 12:44:39,511 INFO spawned: 'streamlit' with pid 113154
2025-09-11 12:44:41,209 INFO success: streamlit entered RUNNING state, process has stayed up for > than 1 seconds (startsecs)
2025-09-11 12:45:37,002 INFO waiting for streamlit to stop
2025-09-11 12:45:37,170 INFO stopped: streamlit (exit status 0)
2025-09-11 12:45:37,174 INFO spawned: 'streamlit' with pid 113464
2025-09-11 12:45:38,892 INFO success: streamlit entered RUNNING state, process has stayed up for > than 1 seconds (startsecs)
2025-09-11 12:50:22,184 INFO waiting for streamlit to stop
2025-09-11 12:50:22,371 INFO stopped: streamlit (exit status 0)
2025-09-11 12:50:22,376 INFO spawned: 'streamlit' with pid 114655
2025-09-11 12:50:24,118 INFO success: streamlit entered RUNNING state, process has stayed up for > than 1 seconds (startsecs)
2025-09-11 14:10:36,391 INFO waiting for streamlit to stop
2025-09-11 14:10:37,170 INFO stopped: streamlit (exit status 0)
2025-09-11 14:10:37,176 INFO spawned: 'streamlit' with pid 129280
2025-09-11 14:10:38,179 INFO success: streamlit entered RUNNING state, process has stayed up for > than 1 seconds (startsecs)
2025-09-11 14:56:30,877 INFO waiting for streamlit to stop
2025-09-11 14:56:31,470 INFO stopped: streamlit (exit status 0)
2025-09-11 14:56:31,477 INFO spawned: 'streamlit' with pid 132350
2025-09-11 14:56:32,480 INFO success: streamlit entered RUNNING state, process has stayed up for > than 1 seconds (startsecs)
2025-09-11 20:22:19,537 INFO waiting for streamlit to stop
2025-09-11 20:22:20,708 INFO stopped: streamlit (exit status 0)
2025-09-11 20:22:24,503 INFO spawned: 'streamlit' with pid 161589
2025-09-11 20:22:25,506 INFO success: streamlit entered RUNNING state, process has stayed up for > than 1 seconds (startsecs)
