2025-09-11T15:24:48: /usr/local/bin/streamlit:2
2025-09-11T15:24:48: # -*- coding: utf-8 -*-
2025-09-11T15:24:48: ^
2025-09-11T15:24:48: 
2025-09-11T15:24:48: SyntaxError: Invalid or unexpected token
2025-09-11T15:24:48:     at wrapSafe (node:internal/modules/cjs/loader:1472:18)
2025-09-11T15:24:48:     at Module._compile (node:internal/modules/cjs/loader:1501:20)
2025-09-11T15:24:48:     at Module._extensions..js (node:internal/modules/cjs/loader:1613:10)
2025-09-11T15:24:48:     at Module.load (node:internal/modules/cjs/loader:1275:32)
2025-09-11T15:24:48:     at Module._load (node:internal/modules/cjs/loader:1096:12)
2025-09-11T15:24:48:     at Object.<anonymous> (/usr/lib/node_modules/pm2/lib/ProcessContainerFork.js:33:23)
2025-09-11T15:24:48:     at Module._compile (node:internal/modules/cjs/loader:1529:14)
2025-09-11T15:24:48:     at Module._extensions..js (node:internal/modules/cjs/loader:1613:10)
2025-09-11T15:24:48:     at Module.load (node:internal/modules/cjs/loader:1275:32)
2025-09-11T15:24:48:     at Module._load (node:internal/modules/cjs/loader:1096:12)
2025-09-11T15:24:48: /usr/local/bin/streamlit:2
2025-09-11T15:24:48: # -*- coding: utf-8 -*-
2025-09-11T15:24:48: ^
2025-09-11T15:24:48: 
2025-09-11T15:24:48: SyntaxError: Invalid or unexpected token
2025-09-11T15:24:48:     at wrapSafe (node:internal/modules/cjs/loader:1472:18)
2025-09-11T15:24:48:     at Module._compile (node:internal/modules/cjs/loader:1501:20)
2025-09-11T15:24:48:     at Module._extensions..js (node:internal/modules/cjs/loader:1613:10)
2025-09-11T15:24:48:     at Module.load (node:internal/modules/cjs/loader:1275:32)
2025-09-11T15:24:48:     at Module._load (node:internal/modules/cjs/loader:1096:12)
2025-09-11T15:24:48:     at Object.<anonymous> (/usr/lib/node_modules/pm2/lib/ProcessContainerFork.js:33:23)
2025-09-11T15:24:48:     at Module._compile (node:internal/modules/cjs/loader:1529:14)
2025-09-11T15:24:48:     at Module._extensions..js (node:internal/modules/cjs/loader:1613:10)
2025-09-11T15:24:48:     at Module.load (node:internal/modules/cjs/loader:1275:32)
2025-09-11T15:24:48:     at Module._load (node:internal/modules/cjs/loader:1096:12)
2025-09-11T15:24:48: /usr/local/bin/streamlit:2
2025-09-11T15:24:48: # -*- coding: utf-8 -*-
2025-09-11T15:24:48: ^
2025-09-11T15:24:48: 
2025-09-11T15:24:48: SyntaxError: Invalid or unexpected token
2025-09-11T15:24:48:     at wrapSafe (node:internal/modules/cjs/loader:1472:18)
2025-09-11T15:24:48:     at Module._compile (node:internal/modules/cjs/loader:1501:20)
2025-09-11T15:24:48:     at Module._extensions..js (node:internal/modules/cjs/loader:1613:10)
2025-09-11T15:24:48:     at Module.load (node:internal/modules/cjs/loader:1275:32)
2025-09-11T15:24:48:     at Module._load (node:internal/modules/cjs/loader:1096:12)
2025-09-11T15:24:48:     at Object.<anonymous> (/usr/lib/node_modules/pm2/lib/ProcessContainerFork.js:33:23)
2025-09-11T15:24:48:     at Module._compile (node:internal/modules/cjs/loader:1529:14)
2025-09-11T15:24:48:     at Module._extensions..js (node:internal/modules/cjs/loader:1613:10)
2025-09-11T15:24:48:     at Module.load (node:internal/modules/cjs/loader:1275:32)
2025-09-11T15:24:48:     at Module._load (node:internal/modules/cjs/loader:1096:12)
2025-09-11T15:24:48: /usr/local/bin/streamlit:2
2025-09-11T15:24:48: # -*- coding: utf-8 -*-
2025-09-11T15:24:48: ^
2025-09-11T15:24:48: 
2025-09-11T15:24:48: SyntaxError: Invalid or unexpected token
2025-09-11T15:24:48:     at wrapSafe (node:internal/modules/cjs/loader:1472:18)
2025-09-11T15:24:48:     at Module._compile (node:internal/modules/cjs/loader:1501:20)
2025-09-11T15:24:48:     at Module._extensions..js (node:internal/modules/cjs/loader:1613:10)
2025-09-11T15:24:48:     at Module.load (node:internal/modules/cjs/loader:1275:32)
2025-09-11T15:24:48:     at Module._load (node:internal/modules/cjs/loader:1096:12)
2025-09-11T15:24:48:     at Object.<anonymous> (/usr/lib/node_modules/pm2/lib/ProcessContainerFork.js:33:23)
2025-09-11T15:24:48:     at Module._compile (node:internal/modules/cjs/loader:1529:14)
2025-09-11T15:24:48:     at Module._extensions..js (node:internal/modules/cjs/loader:1613:10)
2025-09-11T15:24:48:     at Module.load (node:internal/modules/cjs/loader:1275:32)
2025-09-11T15:24:48:     at Module._load (node:internal/modules/cjs/loader:1096:12)
2025-09-11T15:24:48: /usr/local/bin/streamlit:2
2025-09-11T15:24:48: # -*- coding: utf-8 -*-
2025-09-11T15:24:48: ^
2025-09-11T15:24:48: 
2025-09-11T15:24:48: SyntaxError: Invalid or unexpected token
2025-09-11T15:24:48:     at wrapSafe (node:internal/modules/cjs/loader:1472:18)
2025-09-11T15:24:48:     at Module._compile (node:internal/modules/cjs/loader:1501:20)
2025-09-11T15:24:48:     at Module._extensions..js (node:internal/modules/cjs/loader:1613:10)
2025-09-11T15:24:48:     at Module.load (node:internal/modules/cjs/loader:1275:32)
2025-09-11T15:24:48:     at Module._load (node:internal/modules/cjs/loader:1096:12)
2025-09-11T15:24:48:     at Object.<anonymous> (/usr/lib/node_modules/pm2/lib/ProcessContainerFork.js:33:23)
2025-09-11T15:24:48:     at Module._compile (node:internal/modules/cjs/loader:1529:14)
2025-09-11T15:24:48:     at Module._extensions..js (node:internal/modules/cjs/loader:1613:10)
2025-09-11T15:24:48:     at Module.load (node:internal/modules/cjs/loader:1275:32)
2025-09-11T15:24:48:     at Module._load (node:internal/modules/cjs/loader:1096:12)
2025-09-11T15:24:49: /usr/local/bin/streamlit:2
2025-09-11T15:24:49: # -*- coding: utf-8 -*-
2025-09-11T15:24:49: ^
2025-09-11T15:24:49: 
2025-09-11T15:24:49: SyntaxError: Invalid or unexpected token
2025-09-11T15:24:49:     at wrapSafe (node:internal/modules/cjs/loader:1472:18)
2025-09-11T15:24:49:     at Module._compile (node:internal/modules/cjs/loader:1501:20)
2025-09-11T15:24:49:     at Module._extensions..js (node:internal/modules/cjs/loader:1613:10)
2025-09-11T15:24:49:     at Module.load (node:internal/modules/cjs/loader:1275:32)
2025-09-11T15:24:49:     at Module._load (node:internal/modules/cjs/loader:1096:12)
2025-09-11T15:24:49:     at Object.<anonymous> (/usr/lib/node_modules/pm2/lib/ProcessContainerFork.js:33:23)
2025-09-11T15:24:49:     at Module._compile (node:internal/modules/cjs/loader:1529:14)
2025-09-11T15:24:49:     at Module._extensions..js (node:internal/modules/cjs/loader:1613:10)
2025-09-11T15:24:49:     at Module.load (node:internal/modules/cjs/loader:1275:32)
2025-09-11T15:24:49:     at Module._load (node:internal/modules/cjs/loader:1096:12)
2025-09-11T15:24:49: /usr/local/bin/streamlit:2
2025-09-11T15:24:49: # -*- coding: utf-8 -*-
2025-09-11T15:24:49: ^
2025-09-11T15:24:49: 
2025-09-11T15:24:49: SyntaxError: Invalid or unexpected token
2025-09-11T15:24:49:     at wrapSafe (node:internal/modules/cjs/loader:1472:18)
2025-09-11T15:24:49:     at Module._compile (node:internal/modules/cjs/loader:1501:20)
2025-09-11T15:24:49:     at Module._extensions..js (node:internal/modules/cjs/loader:1613:10)
2025-09-11T15:24:49:     at Module.load (node:internal/modules/cjs/loader:1275:32)
2025-09-11T15:24:49:     at Module._load (node:internal/modules/cjs/loader:1096:12)
2025-09-11T15:24:49:     at Object.<anonymous> (/usr/lib/node_modules/pm2/lib/ProcessContainerFork.js:33:23)
2025-09-11T15:24:49:     at Module._compile (node:internal/modules/cjs/loader:1529:14)
2025-09-11T15:24:49:     at Module._extensions..js (node:internal/modules/cjs/loader:1613:10)
2025-09-11T15:24:49:     at Module.load (node:internal/modules/cjs/loader:1275:32)
2025-09-11T15:24:49:     at Module._load (node:internal/modules/cjs/loader:1096:12)
2025-09-11T15:24:49: /usr/local/bin/streamlit:2
2025-09-11T15:24:49: # -*- coding: utf-8 -*-
2025-09-11T15:24:49: ^
2025-09-11T15:24:49: 
2025-09-11T15:24:49: SyntaxError: Invalid or unexpected token
2025-09-11T15:24:49:     at wrapSafe (node:internal/modules/cjs/loader:1472:18)
2025-09-11T15:24:49:     at Module._compile (node:internal/modules/cjs/loader:1501:20)
2025-09-11T15:24:49:     at Module._extensions..js (node:internal/modules/cjs/loader:1613:10)
2025-09-11T15:24:49:     at Module.load (node:internal/modules/cjs/loader:1275:32)
2025-09-11T15:24:49:     at Module._load (node:internal/modules/cjs/loader:1096:12)
2025-09-11T15:24:49:     at Object.<anonymous> (/usr/lib/node_modules/pm2/lib/ProcessContainerFork.js:33:23)
2025-09-11T15:24:49:     at Module._compile (node:internal/modules/cjs/loader:1529:14)
2025-09-11T15:24:49:     at Module._extensions..js (node:internal/modules/cjs/loader:1613:10)
2025-09-11T15:24:49:     at Module.load (node:internal/modules/cjs/loader:1275:32)
2025-09-11T15:24:49:     at Module._load (node:internal/modules/cjs/loader:1096:12)
2025-09-11T15:24:49: /usr/local/bin/streamlit:2
2025-09-11T15:24:49: # -*- coding: utf-8 -*-
2025-09-11T15:24:49: ^
2025-09-11T15:24:49: 
2025-09-11T15:24:49: SyntaxError: Invalid or unexpected token
2025-09-11T15:24:49:     at wrapSafe (node:internal/modules/cjs/loader:1472:18)
2025-09-11T15:24:49:     at Module._compile (node:internal/modules/cjs/loader:1501:20)
2025-09-11T15:24:49:     at Module._extensions..js (node:internal/modules/cjs/loader:1613:10)
2025-09-11T15:24:49:     at Module.load (node:internal/modules/cjs/loader:1275:32)
2025-09-11T15:24:49:     at Module._load (node:internal/modules/cjs/loader:1096:12)
2025-09-11T15:24:49:     at Object.<anonymous> (/usr/lib/node_modules/pm2/lib/ProcessContainerFork.js:33:23)
2025-09-11T15:24:49:     at Module._compile (node:internal/modules/cjs/loader:1529:14)
2025-09-11T15:24:49:     at Module._extensions..js (node:internal/modules/cjs/loader:1613:10)
2025-09-11T15:24:49:     at Module.load (node:internal/modules/cjs/loader:1275:32)
2025-09-11T15:24:49:     at Module._load (node:internal/modules/cjs/loader:1096:12)
2025-09-11T15:24:49: /usr/local/bin/streamlit:2
2025-09-11T15:24:49: # -*- coding: utf-8 -*-
2025-09-11T15:24:49: ^
2025-09-11T15:24:49: 
2025-09-11T15:24:49: SyntaxError: Invalid or unexpected token
2025-09-11T15:24:49:     at wrapSafe (node:internal/modules/cjs/loader:1472:18)
2025-09-11T15:24:49:     at Module._compile (node:internal/modules/cjs/loader:1501:20)
2025-09-11T15:24:49:     at Module._extensions..js (node:internal/modules/cjs/loader:1613:10)
2025-09-11T15:24:49:     at Module.load (node:internal/modules/cjs/loader:1275:32)
2025-09-11T15:24:49:     at Module._load (node:internal/modules/cjs/loader:1096:12)
2025-09-11T15:24:49:     at Object.<anonymous> (/usr/lib/node_modules/pm2/lib/ProcessContainerFork.js:33:23)
2025-09-11T15:24:49:     at Module._compile (node:internal/modules/cjs/loader:1529:14)
2025-09-11T15:24:49:     at Module._extensions..js (node:internal/modules/cjs/loader:1613:10)
2025-09-11T15:24:49:     at Module.load (node:internal/modules/cjs/loader:1275:32)
2025-09-11T15:24:49:     at Module._load (node:internal/modules/cjs/loader:1096:12)
2025-09-11T15:25:13: /usr/local/bin/streamlit:2
2025-09-11T15:25:13: # -*- coding: utf-8 -*-
2025-09-11T15:25:13: ^
2025-09-11T15:25:13: 
2025-09-11T15:25:13: SyntaxError: Invalid or unexpected token
2025-09-11T15:25:13:     at wrapSafe (node:internal/modules/cjs/loader:1472:18)
2025-09-11T15:25:13:     at Module._compile (node:internal/modules/cjs/loader:1501:20)
2025-09-11T15:25:13:     at Module._extensions..js (node:internal/modules/cjs/loader:1613:10)
2025-09-11T15:25:13:     at Module.load (node:internal/modules/cjs/loader:1275:32)
2025-09-11T15:25:13:     at Module._load (node:internal/modules/cjs/loader:1096:12)
2025-09-11T15:25:13:     at Object.<anonymous> (/usr/lib/node_modules/pm2/lib/ProcessContainerFork.js:33:23)
2025-09-11T15:25:13:     at Module._compile (node:internal/modules/cjs/loader:1529:14)
2025-09-11T15:25:13:     at Module._extensions..js (node:internal/modules/cjs/loader:1613:10)
2025-09-11T15:25:13:     at Module.load (node:internal/modules/cjs/loader:1275:32)
2025-09-11T15:25:13:     at Module._load (node:internal/modules/cjs/loader:1096:12)
2025-09-11T15:25:13: /usr/local/bin/streamlit:2
2025-09-11T15:25:13: # -*- coding: utf-8 -*-
2025-09-11T15:25:13: ^
2025-09-11T15:25:13: 
2025-09-11T15:25:13: SyntaxError: Invalid or unexpected token
2025-09-11T15:25:13:     at wrapSafe (node:internal/modules/cjs/loader:1472:18)
2025-09-11T15:25:13:     at Module._compile (node:internal/modules/cjs/loader:1501:20)
2025-09-11T15:25:13:     at Module._extensions..js (node:internal/modules/cjs/loader:1613:10)
2025-09-11T15:25:13:     at Module.load (node:internal/modules/cjs/loader:1275:32)
2025-09-11T15:25:13:     at Module._load (node:internal/modules/cjs/loader:1096:12)
2025-09-11T15:25:13:     at Object.<anonymous> (/usr/lib/node_modules/pm2/lib/ProcessContainerFork.js:33:23)
2025-09-11T15:25:13:     at Module._compile (node:internal/modules/cjs/loader:1529:14)
2025-09-11T15:25:13:     at Module._extensions..js (node:internal/modules/cjs/loader:1613:10)
2025-09-11T15:25:13:     at Module.load (node:internal/modules/cjs/loader:1275:32)
2025-09-11T15:25:13:     at Module._load (node:internal/modules/cjs/loader:1096:12)
2025-09-11T15:25:13: /usr/local/bin/streamlit:2
2025-09-11T15:25:13: # -*- coding: utf-8 -*-
2025-09-11T15:25:13: ^
2025-09-11T15:25:13: 
2025-09-11T15:25:13: SyntaxError: Invalid or unexpected token
2025-09-11T15:25:13:     at wrapSafe (node:internal/modules/cjs/loader:1472:18)
2025-09-11T15:25:13:     at Module._compile (node:internal/modules/cjs/loader:1501:20)
2025-09-11T15:25:13:     at Module._extensions..js (node:internal/modules/cjs/loader:1613:10)
2025-09-11T15:25:13:     at Module.load (node:internal/modules/cjs/loader:1275:32)
2025-09-11T15:25:13:     at Module._load (node:internal/modules/cjs/loader:1096:12)
2025-09-11T15:25:13:     at Object.<anonymous> (/usr/lib/node_modules/pm2/lib/ProcessContainerFork.js:33:23)
2025-09-11T15:25:13:     at Module._compile (node:internal/modules/cjs/loader:1529:14)
2025-09-11T15:25:13:     at Module._extensions..js (node:internal/modules/cjs/loader:1613:10)
2025-09-11T15:25:13:     at Module.load (node:internal/modules/cjs/loader:1275:32)
2025-09-11T15:25:14:     at Module._load (node:internal/modules/cjs/loader:1096:12)
2025-09-11T15:25:14: /usr/local/bin/streamlit:2
2025-09-11T15:25:14: # -*- coding: utf-8 -*-
2025-09-11T15:25:14: ^
2025-09-11T15:25:14: 
2025-09-11T15:25:14: SyntaxError: Invalid or unexpected token
2025-09-11T15:25:14:     at wrapSafe (node:internal/modules/cjs/loader:1472:18)
2025-09-11T15:25:14:     at Module._compile (node:internal/modules/cjs/loader:1501:20)
2025-09-11T15:25:14:     at Module._extensions..js (node:internal/modules/cjs/loader:1613:10)
2025-09-11T15:25:14:     at Module.load (node:internal/modules/cjs/loader:1275:32)
2025-09-11T15:25:14:     at Module._load (node:internal/modules/cjs/loader:1096:12)
2025-09-11T15:25:14:     at Object.<anonymous> (/usr/lib/node_modules/pm2/lib/ProcessContainerFork.js:33:23)
2025-09-11T15:25:14:     at Module._compile (node:internal/modules/cjs/loader:1529:14)
2025-09-11T15:25:14:     at Module._extensions..js (node:internal/modules/cjs/loader:1613:10)
2025-09-11T15:25:14:     at Module.load (node:internal/modules/cjs/loader:1275:32)
2025-09-11T15:25:14:     at Module._load (node:internal/modules/cjs/loader:1096:12)
2025-09-11T15:25:14: /usr/local/bin/streamlit:2
2025-09-11T15:25:14: # -*- coding: utf-8 -*-
2025-09-11T15:25:14: ^
2025-09-11T15:25:14: 
2025-09-11T15:25:14: SyntaxError: Invalid or unexpected token
2025-09-11T15:25:14:     at wrapSafe (node:internal/modules/cjs/loader:1472:18)
2025-09-11T15:25:14:     at Module._compile (node:internal/modules/cjs/loader:1501:20)
2025-09-11T15:25:14:     at Module._extensions..js (node:internal/modules/cjs/loader:1613:10)
2025-09-11T15:25:14:     at Module.load (node:internal/modules/cjs/loader:1275:32)
2025-09-11T15:25:14:     at Module._load (node:internal/modules/cjs/loader:1096:12)
2025-09-11T15:25:14:     at Object.<anonymous> (/usr/lib/node_modules/pm2/lib/ProcessContainerFork.js:33:23)
2025-09-11T15:25:14:     at Module._compile (node:internal/modules/cjs/loader:1529:14)
2025-09-11T15:25:14:     at Module._extensions..js (node:internal/modules/cjs/loader:1613:10)
2025-09-11T15:25:14:     at Module.load (node:internal/modules/cjs/loader:1275:32)
2025-09-11T15:25:14:     at Module._load (node:internal/modules/cjs/loader:1096:12)
2025-09-11T15:25:14: /usr/local/bin/streamlit:2
2025-09-11T15:25:14: # -*- coding: utf-8 -*-
2025-09-11T15:25:14: ^
2025-09-11T15:25:14: 
2025-09-11T15:25:14: SyntaxError: Invalid or unexpected token
2025-09-11T15:25:14:     at wrapSafe (node:internal/modules/cjs/loader:1472:18)
2025-09-11T15:25:14:     at Module._compile (node:internal/modules/cjs/loader:1501:20)
2025-09-11T15:25:14:     at Module._extensions..js (node:internal/modules/cjs/loader:1613:10)
2025-09-11T15:25:14:     at Module.load (node:internal/modules/cjs/loader:1275:32)
2025-09-11T15:25:14:     at Module._load (node:internal/modules/cjs/loader:1096:12)
2025-09-11T15:25:14:     at Object.<anonymous> (/usr/lib/node_modules/pm2/lib/ProcessContainerFork.js:33:23)
2025-09-11T15:25:14:     at Module._compile (node:internal/modules/cjs/loader:1529:14)
2025-09-11T15:25:14:     at Module._extensions..js (node:internal/modules/cjs/loader:1613:10)
2025-09-11T15:25:14:     at Module.load (node:internal/modules/cjs/loader:1275:32)
2025-09-11T15:25:14:     at Module._load (node:internal/modules/cjs/loader:1096:12)
2025-09-11T15:25:14: /usr/local/bin/streamlit:2
2025-09-11T15:25:14: # -*- coding: utf-8 -*-
2025-09-11T15:25:14: ^
2025-09-11T15:25:14: 
2025-09-11T15:25:14: SyntaxError: Invalid or unexpected token
2025-09-11T15:25:14:     at wrapSafe (node:internal/modules/cjs/loader:1472:18)
2025-09-11T15:25:14:     at Module._compile (node:internal/modules/cjs/loader:1501:20)
2025-09-11T15:25:14:     at Module._extensions..js (node:internal/modules/cjs/loader:1613:10)
2025-09-11T15:25:14:     at Module.load (node:internal/modules/cjs/loader:1275:32)
2025-09-11T15:25:14:     at Module._load (node:internal/modules/cjs/loader:1096:12)
2025-09-11T15:25:14:     at Object.<anonymous> (/usr/lib/node_modules/pm2/lib/ProcessContainerFork.js:33:23)
2025-09-11T15:25:14:     at Module._compile (node:internal/modules/cjs/loader:1529:14)
2025-09-11T15:25:14:     at Module._extensions..js (node:internal/modules/cjs/loader:1613:10)
2025-09-11T15:25:14:     at Module.load (node:internal/modules/cjs/loader:1275:32)
2025-09-11T15:25:14:     at Module._load (node:internal/modules/cjs/loader:1096:12)
2025-09-11T15:25:14: /usr/local/bin/streamlit:2
2025-09-11T15:25:14: # -*- coding: utf-8 -*-
2025-09-11T15:25:14: ^
2025-09-11T15:25:14: 
2025-09-11T15:25:14: SyntaxError: Invalid or unexpected token
2025-09-11T15:25:14:     at wrapSafe (node:internal/modules/cjs/loader:1472:18)
2025-09-11T15:25:14:     at Module._compile (node:internal/modules/cjs/loader:1501:20)
2025-09-11T15:25:14:     at Module._extensions..js (node:internal/modules/cjs/loader:1613:10)
2025-09-11T15:25:14:     at Module.load (node:internal/modules/cjs/loader:1275:32)
2025-09-11T15:25:14:     at Module._load (node:internal/modules/cjs/loader:1096:12)
2025-09-11T15:25:14:     at Object.<anonymous> (/usr/lib/node_modules/pm2/lib/ProcessContainerFork.js:33:23)
2025-09-11T15:25:14:     at Module._compile (node:internal/modules/cjs/loader:1529:14)
2025-09-11T15:25:14:     at Module._extensions..js (node:internal/modules/cjs/loader:1613:10)
2025-09-11T15:25:14:     at Module.load (node:internal/modules/cjs/loader:1275:32)
2025-09-11T15:25:14:     at Module._load (node:internal/modules/cjs/loader:1096:12)
2025-09-11T15:25:15: /usr/local/bin/streamlit:2
2025-09-11T15:25:15: # -*- coding: utf-8 -*-
2025-09-11T15:25:15: ^
2025-09-11T15:25:15: 
2025-09-11T15:25:15: SyntaxError: Invalid or unexpected token
2025-09-11T15:25:15:     at wrapSafe (node:internal/modules/cjs/loader:1472:18)
2025-09-11T15:25:15:     at Module._compile (node:internal/modules/cjs/loader:1501:20)
2025-09-11T15:25:15:     at Module._extensions..js (node:internal/modules/cjs/loader:1613:10)
2025-09-11T15:25:15:     at Module.load (node:internal/modules/cjs/loader:1275:32)
2025-09-11T15:25:15:     at Module._load (node:internal/modules/cjs/loader:1096:12)
2025-09-11T15:25:15:     at Object.<anonymous> (/usr/lib/node_modules/pm2/lib/ProcessContainerFork.js:33:23)
2025-09-11T15:25:15:     at Module._compile (node:internal/modules/cjs/loader:1529:14)
2025-09-11T15:25:15:     at Module._extensions..js (node:internal/modules/cjs/loader:1613:10)
2025-09-11T15:25:15:     at Module.load (node:internal/modules/cjs/loader:1275:32)
2025-09-11T15:25:15:     at Module._load (node:internal/modules/cjs/loader:1096:12)
2025-09-11T15:25:15: /usr/local/bin/streamlit:2
2025-09-11T15:25:15: # -*- coding: utf-8 -*-
2025-09-11T15:25:15: ^
2025-09-11T15:25:15: 
2025-09-11T15:25:15: SyntaxError: Invalid or unexpected token
2025-09-11T15:25:15:     at wrapSafe (node:internal/modules/cjs/loader:1472:18)
2025-09-11T15:25:15:     at Module._compile (node:internal/modules/cjs/loader:1501:20)
2025-09-11T15:25:15:     at Module._extensions..js (node:internal/modules/cjs/loader:1613:10)
2025-09-11T15:25:15:     at Module.load (node:internal/modules/cjs/loader:1275:32)
2025-09-11T15:25:15:     at Module._load (node:internal/modules/cjs/loader:1096:12)
2025-09-11T15:25:15:     at Object.<anonymous> (/usr/lib/node_modules/pm2/lib/ProcessContainerFork.js:33:23)
2025-09-11T15:25:15:     at Module._compile (node:internal/modules/cjs/loader:1529:14)
2025-09-11T15:25:15:     at Module._extensions..js (node:internal/modules/cjs/loader:1613:10)
2025-09-11T15:25:15:     at Module.load (node:internal/modules/cjs/loader:1275:32)
2025-09-11T15:25:15:     at Module._load (node:internal/modules/cjs/loader:1096:12)
